D:\PROJECTVS2012\BASICS\DEBUG\LI.OBJ
D:\PROJECTVS2012\BASICS\DEBUG\LMATH.OBJ
D:\PROJECTVS2012\BASICS\DEBUG\POINTSET.OBJ
D:\PROJECTVS2012\BASICS\DEBUG\STDAFX.OBJ
D:\PROJECTVS2012\BASICS\DEBUG\STOPWATCH.OBJ
D:\PROJECTVS2012\BASICS\DEBUG\VC110.PDB
D:\PROJECTVS2012\BASICS\DEBUG\BASICS.LIB
D:\ProjectVS2012\basics\Debug\li.obj
D:\ProjectVS2012\basics\Debug\lmath.obj
D:\ProjectVS2012\basics\Debug\pointSet.obj
D:\ProjectVS2012\basics\Debug\StdAfx.obj
D:\ProjectVS2012\basics\Debug\stopWatch.obj
D:\ProjectVS2012\basics\Debug\cl.command.1.tlog
D:\ProjectVS2012\basics\Debug\CL.read.1.tlog
D:\ProjectVS2012\basics\Debug\CL.write.1.tlog
D:\ProjectVS2012\basics\Debug\Lib-link.read.1.tlog
D:\ProjectVS2012\basics\Debug\Lib-link.write.1.tlog
D:\ProjectVS2012\basics\Debug\lib.command.1.tlog
D:\ProjectVS2012\basics\Debug\vc110.idb
D:\ProjectVS2012\basics\Debug\vc110.pdb
D:\ProjectVS2012\basics\.\Debug\basics.lib
