D:\PROJECT\BASICS\RELEASE\POINTSET.OBJ
D:\PROJECT\BASICS\RELEASE\LMATH.OBJ
D:\PROJECT\BASICS\RELEASE\LI.OBJ
D:\PROJECT\BASICS\RELEASE\STDAFX.OBJ
D:\PROJECT\BASICS\RELEASE\STOPWATCH.OBJ
D:\PROJECT\BASICS\RELEASE\VC100.PDB
D:\PROJECTVS2012\BASICS\RELEASE\STOPWATCH.OBJ
D:\PROJECTVS2012\BASICS\RELEASE\STDAFX.OBJ
D:\PROJECTVS2012\BASICS\RELEASE\POINTSET.OBJ
D:\PROJECTVS2012\BASICS\RELEASE\LMATH.OBJ
D:\PROJECTVS2012\BASICS\RELEASE\LI.OBJ
D:\PROJECTVS2012\BASICS\RELEASE\VC110.PDB
D:\PROJECT\BASICS\RELEASE\BASICS.LIB
D:\PROJECTVS2012\BASICS\RELEASE\BASICS.LIB
D:\ProjectVS2012\basics\Release\li.obj
D:\ProjectVS2012\basics\Release\lmath.obj
D:\ProjectVS2012\basics\Release\pointSet.obj
D:\ProjectVS2012\basics\Release\StdAfx.obj
D:\ProjectVS2012\basics\Release\stopWatch.obj
D:\ProjectVS2012\basics\Release\cl.command.1.tlog
D:\ProjectVS2012\basics\Release\CL.read.1.tlog
D:\ProjectVS2012\basics\Release\CL.write.1.tlog
D:\ProjectVS2012\basics\Release\Lib-link.read.1.tlog
D:\ProjectVS2012\basics\Release\Lib-link.write.1.tlog
D:\ProjectVS2012\basics\Release\lib.command.1.tlog
D:\ProjectVS2012\basics\Release\vc100.pdb
D:\ProjectVS2012\basics\Release\vc110.pdb
D:\ProjectVS2012\basics\.\Release\basics.lib
